#
# There is insufficient memory for the Java Runtime Environment to continue.
# Native memory allocation (malloc) failed to allocate 73360 bytes for Chunk::new
# Possible reasons:
#   The system is out of physical RAM or swap space
#   The process is running with CompressedOops enabled, and the Java Heap may be blocking the growth of the native heap
# Possible solutions:
#   Reduce memory load on the system
#   Increase physical memory or swap space
#   Check if swap backing store is full
#   Decrease Java heap size (-Xmx/-Xms)
#   Decrease number of Java threads
#   Decrease Java thread stack sizes (-Xss)
#   Set larger code cache with -XX:ReservedCodeCacheSize=
#   JVM is running with Unscaled Compressed Oops mode in which the Java heap is
#     placed in the first 4GB address space. The Java Heap base address is the
#     maximum limit for the native heap growth. Please use -XX:HeapBaseMinAddress
#     to set the Java Heap base and to place the Java Heap above 4GB virtual address.
# This output file may be truncated or incomplete.
#
#  Out of Memory Error (allocation.cpp:389), pid=7764, tid=0x0000000000004e48
#
# JRE version: Java(TM) SE Runtime Environment (8.0_281-b09) (build 1.8.0_281-b09)
# Java VM: Java HotSpot(TM) 64-Bit Server VM (25.281-b09 mixed mode windows-amd64 compressed oops)
# Failed to write core dump. Minidumps are not enabled by default on client versions of Windows
#

---------------  T H R E A D  ---------------

Current thread (0x00000256ee94a000):  JavaThread "C2 CompilerThread0" daemon [_thread_in_native, id=20040, stack(0x000000c9b7100000,0x000000c9b7200000)]

Stack: [0x000000c9b7100000,0x000000c9b7200000]
Native frames: (J=compiled Java code, j=interpreted, Vv=VM code, C=native code)
V  [jvm.dll+0x32e5b9]


Current CompileTask:
C2:  22995 1412       4       java.util.HashSet::add (20 bytes)


---------------  P R O C E S S  ---------------

Java Threads: ( => current thread )
  0x00000256ee9ad000 JavaThread "UrlChecker-2" daemon [_thread_blocked, id=8244, stack(0x000000c9b7900000,0x000000c9b7a00000)]
  0x00000256ee9ad800 JavaThread "Forwarding newSession on session null to remote" [_thread_in_native, id=16080, stack(0x000000c9b7700000,0x000000c9b7800000)]
  0x00000256ee9ac000 JavaThread "ReaderThread" [_thread_in_native, id=15932, stack(0x000000c9b7600000,0x000000c9b7700000)]
  0x00000256ee9ab800 JavaThread "Service Thread" daemon [_thread_blocked, id=27732, stack(0x000000c9b7400000,0x000000c9b7500000)]
  0x00000256ee953000 JavaThread "C1 CompilerThread2" daemon [_thread_blocked, id=21620, stack(0x000000c9b7300000,0x000000c9b7400000)]
  0x00000256ee950000 JavaThread "C2 CompilerThread1" daemon [_thread_blocked, id=9760, stack(0x000000c9b7200000,0x000000c9b7300000)]
=>0x00000256ee94a000 JavaThread "C2 CompilerThread0" daemon [_thread_in_native, id=20040, stack(0x000000c9b7100000,0x000000c9b7200000)]
  0x00000256ee941800 JavaThread "Attach Listener" daemon [_thread_blocked, id=16504, stack(0x000000c9b7000000,0x000000c9b7100000)]
  0x00000256ee93f800 JavaThread "Signal Dispatcher" daemon [_thread_blocked, id=17268, stack(0x000000c9b6f00000,0x000000c9b7000000)]
  0x00000256ee1d9000 JavaThread "Finalizer" daemon [_thread_blocked, id=31652, stack(0x000000c9b6e00000,0x000000c9b6f00000)]
  0x00000256ee916800 JavaThread "Reference Handler" daemon [_thread_blocked, id=30932, stack(0x000000c9b6d00000,0x000000c9b6e00000)]
  0x00000256da6be000 JavaThread "main" [_thread_blocked, id=12128, stack(0x000000c9b6700000,0x000000c9b6800000)]

Other Threads:
  0x00000256ee8f2000 VMThread [stack: 0x000000c9b6c00000,0x000000c9b6d00000] [id=2732]
  0x00000256ee9f2000 WatcherThread [stack: 0x000000c9b7500000,0x000000c9b7600000] [id=30436]

VM state:not at safepoint (normal execution)

VM Mutex/Monitor currently owned by a thread: None

heap address: 0x00000000c2c00000, size: 980 MB, Compressed Oops mode: 32-bit
Narrow klass base: 0x0000000000000000, Narrow klass shift: 3
Compressed class space size: 1073741824 Address: 0x0000000100000000

Heap:
 PSYoungGen      total 18432K, used 12598K [0x00000000eb980000, 0x00000000ece00000, 0x0000000100000000)
  eden space 15872K, 63% used [0x00000000eb980000,0x00000000ec355a58,0x00000000ec900000)
  from space 2560K, 98% used [0x00000000ecb80000,0x00000000ecdf8020,0x00000000ece00000)
  to   space 2560K, 0% used [0x00000000ec900000,0x00000000ec900000,0x00000000ecb80000)
 ParOldGen       total 42496K, used 3644K [0x00000000c2c00000, 0x00000000c5580000, 0x00000000eb980000)
  object space 42496K, 8% used [0x00000000c2c00000,0x00000000c2f8f190,0x00000000c5580000)
 Metaspace       used 13985K, capacity 14254K, committed 14592K, reserved 1062912K
  class space    used 1632K, capacity 1713K, committed 1792K, reserved 1048576K

Card table byte_map: [0x00000256eb510000,0x00000256eb700000] byte_map_base: 0x00000256eaefa000

Marking Bits: (ParMarkBitMap*) 0x0000000065416ff0
 Begin Bits: [0x00000256eb850000, 0x00000256ec7a0000)
 End Bits:   [0x00000256ec7a0000, 0x00000256ed6f0000)

Polling page: 0x00000256da8a0000

CodeCache: size=245760Kb used=4969Kb max_used=4969Kb free=240790Kb
 bounds [0x00000256dc150000, 0x00000256dc630000, 0x00000256eb150000]
 total_blobs=1795 nmethods=1413 adapters=294
 compilation: enabled

Compilation events (10 events):
Event: 22.978 Thread 0x00000256ee953000 nmethod 1410 0x00000256dc62d1d0 code [0x00000256dc62d360, 0x00000256dc62d810]
Event: 22.978 Thread 0x00000256ee953000 1411       3       java.util.regex.Matcher::getTextLength (10 bytes)
Event: 22.978 Thread 0x00000256ee953000 nmethod 1411 0x00000256dc62cd90 code [0x00000256dc62cf00, 0x00000256dc62d130]
Event: 22.978 Thread 0x00000256ee953000 1408       3       java.util.regex.Pattern$GroupHead::match (47 bytes)
Event: 22.978 Thread 0x00000256ee953000 nmethod 1408 0x00000256dc62c790 code [0x00000256dc62c900, 0x00000256dc62cbb0]
Event: 22.978 Thread 0x00000256ee953000 1409       3       java.util.regex.Matcher::group (112 bytes)
Event: 22.978 Thread 0x00000256ee953000 nmethod 1409 0x00000256dc62b250 code [0x00000256dc62b480, 0x00000256dc62c1f0]
Event: 22.980 Thread 0x00000256ee94a000 1412       4       java.util.HashSet::add (20 bytes)
Event: 22.980 Thread 0x00000256ee953000 1413       3       java.util.StringTokenizer::hasMoreTokens (29 bytes)
Event: 22.981 Thread 0x00000256ee953000 nmethod 1413 0x00000256dc62dd50 code [0x00000256dc62dec0, 0x00000256dc62e0d0]

GC Heap History (4 events):
Event: 1.876 GC heap before
{Heap before GC invocations=1 (full 0):
 PSYoungGen      total 18432K, used 15872K [0x00000000eb980000, 0x00000000ece00000, 0x0000000100000000)
  eden space 15872K, 100% used [0x00000000eb980000,0x00000000ec900000,0x00000000ec900000)
  from space 2560K, 0% used [0x00000000ecb80000,0x00000000ecb80000,0x00000000ece00000)
  to   space 2560K, 0% used [0x00000000ec900000,0x00000000ec900000,0x00000000ecb80000)
 ParOldGen       total 42496K, used 0K [0x00000000c2c00000, 0x00000000c5580000, 0x00000000eb980000)
  object space 42496K, 0% used [0x00000000c2c00000,0x00000000c2c00000,0x00000000c5580000)
 Metaspace       used 9111K, capacity 9238K, committed 9344K, reserved 1056768K
  class space    used 1063K, capacity 1073K, committed 1152K, reserved 1048576K
Event: 1.886 GC heap after
Heap after GC invocations=1 (full 0):
 PSYoungGen      total 18432K, used 2546K [0x00000000eb980000, 0x00000000ece00000, 0x0000000100000000)
  eden space 15872K, 0% used [0x00000000eb980000,0x00000000eb980000,0x00000000ec900000)
  from space 2560K, 99% used [0x00000000ec900000,0x00000000ecb7c8e0,0x00000000ecb80000)
  to   space 2560K, 0% used [0x00000000ecb80000,0x00000000ecb80000,0x00000000ece00000)
 ParOldGen       total 42496K, used 1182K [0x00000000c2c00000, 0x00000000c5580000, 0x00000000eb980000)
  object space 42496K, 2% used [0x00000000c2c00000,0x00000000c2d27828,0x00000000c5580000)
 Metaspace       used 9111K, capacity 9238K, committed 9344K, reserved 1056768K
  class space    used 1063K, capacity 1073K, committed 1152K, reserved 1048576K
}
Event: 2.709 GC heap before
{Heap before GC invocations=2 (full 0):
 PSYoungGen      total 18432K, used 18418K [0x00000000eb980000, 0x00000000ece00000, 0x0000000100000000)
  eden space 15872K, 100% used [0x00000000eb980000,0x00000000ec900000,0x00000000ec900000)
  from space 2560K, 99% used [0x00000000ec900000,0x00000000ecb7c8e0,0x00000000ecb80000)
  to   space 2560K, 0% used [0x00000000ecb80000,0x00000000ecb80000,0x00000000ece00000)
 ParOldGen       total 42496K, used 1182K [0x00000000c2c00000, 0x00000000c5580000, 0x00000000eb980000)
  object space 42496K, 2% used [0x00000000c2c00000,0x00000000c2d27828,0x00000000c5580000)
 Metaspace       used 12982K, capacity 13256K, committed 13440K, reserved 1060864K
  class space    used 1504K, capacity 1576K, committed 1664K, reserved 1048576K
Event: 2.716 GC heap after
Heap after GC invocations=2 (full 0):
 PSYoungGen      total 18432K, used 2528K [0x00000000eb980000, 0x00000000ece00000, 0x0000000100000000)
  eden space 15872K, 0% used [0x00000000eb980000,0x00000000eb980000,0x00000000ec900000)
  from space 2560K, 98% used [0x00000000ecb80000,0x00000000ecdf8020,0x00000000ece00000)
  to   space 2560K, 0% used [0x00000000ec900000,0x00000000ec900000,0x00000000ecb80000)
 ParOldGen       total 42496K, used 3644K [0x00000000c2c00000, 0x00000000c5580000, 0x00000000eb980000)
  object space 42496K, 8% used [0x00000000c2c00000,0x00000000c2f8f190,0x00000000c5580000)
 Metaspace       used 12982K, capacity 13256K, committed 13440K, reserved 1060864K
  class space    used 1504K, capacity 1576K, committed 1664K, reserved 1048576K
}

Deoptimization events (10 events):
Event: 2.391 Thread 0x00000256ee9ad800 Uncommon trap: reason=unstable_if action=reinterpret pc=0x00000256dc4f7eec method=java.io.ByteArrayInputStream.read([BII)I @ 63
Event: 2.453 Thread 0x00000256ee9ad800 Uncommon trap: reason=unstable_if action=reinterpret pc=0x00000256dc4e4ad0 method=java.io.ByteArrayInputStream.read()I @ 8
Event: 2.679 Thread 0x00000256ee9ad800 Uncommon trap: reason=unstable_if action=reinterpret pc=0x00000256dc5348d4 method=java.math.BigInteger.addOne([IIII)I @ 55
Event: 2.789 Thread 0x00000256ee9ad800 Uncommon trap: reason=class_check action=maybe_recompile pc=0x00000256dc5d4bfc method=java.util.HashSet.iterator()Ljava/util/Iterator; @ 4
Event: 2.808 Thread 0x00000256ee9ad800 Uncommon trap: reason=class_check action=maybe_recompile pc=0x00000256dc5d4bfc method=java.util.HashSet.iterator()Ljava/util/Iterator; @ 4
Event: 2.815 Thread 0x00000256ee9ad800 Uncommon trap: reason=class_check action=maybe_recompile pc=0x00000256dc5d4bfc method=java.util.HashSet.iterator()Ljava/util/Iterator; @ 4
Event: 2.882 Thread 0x00000256ee9ad800 Uncommon trap: reason=unstable_if action=reinterpret pc=0x00000256dc5c5540 method=java.util.regex.Matcher.reset()Ljava/util/regex/Matcher; @ 47
Event: 2.937 Thread 0x00000256ee9ad800 Uncommon trap: reason=unstable_if action=reinterpret pc=0x00000256dc2e4814 method=java.lang.String.replace(CC)Ljava/lang/String; @ 2
Event: 2.983 Thread 0x00000256ee9ad000 Uncommon trap: reason=unstable_if action=reinterpret pc=0x00000256dc48a29c method=java.lang.CharacterDataLatin1.digit(II)I @ 82
Event: 3.495 Thread 0x00000256ee9ad000 Uncommon trap: reason=unstable_if action=reinterpret pc=0x00000256dc47c814 method=java.lang.CharacterDataLatin1.digit(II)I @ 82

Classes redefined (0 events):
No events

Internal exceptions (10 events):
Event: 16.157 Thread 0x00000256ee9ad000 Exception <a 'java/net/SocketTimeoutException': connect timed out> (0x00000000ec341358) thrown at [C:\jenkins\workspace\8-2-build-windows-amd64-cygwin\jdk8u281\880\hotspot\src\share\vm\prims\jni.cpp, line 737]
Event: 16.978 Thread 0x00000256ee9ad000 Exception <a 'java/net/SocketTimeoutException': connect timed out> (0x00000000ec342838) thrown at [C:\jenkins\workspace\8-2-build-windows-amd64-cygwin\jdk8u281\880\hotspot\src\share\vm\prims\jni.cpp, line 737]
Event: 17.800 Thread 0x00000256ee9ad000 Exception <a 'java/net/SocketTimeoutException': connect timed out> (0x00000000ec343d18) thrown at [C:\jenkins\workspace\8-2-build-windows-amd64-cygwin\jdk8u281\880\hotspot\src\share\vm\prims\jni.cpp, line 737]
Event: 18.623 Thread 0x00000256ee9ad000 Exception <a 'java/net/SocketTimeoutException': connect timed out> (0x00000000ec3451f8) thrown at [C:\jenkins\workspace\8-2-build-windows-amd64-cygwin\jdk8u281\880\hotspot\src\share\vm\prims\jni.cpp, line 737]
Event: 19.444 Thread 0x00000256ee9ad000 Exception <a 'java/net/SocketTimeoutException': connect timed out> (0x00000000ec3466d8) thrown at [C:\jenkins\workspace\8-2-build-windows-amd64-cygwin\jdk8u281\880\hotspot\src\share\vm\prims\jni.cpp, line 737]
Event: 20.265 Thread 0x00000256ee9ad000 Exception <a 'java/net/SocketTimeoutException': connect timed out> (0x00000000ec347bb8) thrown at [C:\jenkins\workspace\8-2-build-windows-amd64-cygwin\jdk8u281\880\hotspot\src\share\vm\prims\jni.cpp, line 737]
Event: 21.087 Thread 0x00000256ee9ad000 Exception <a 'java/net/SocketTimeoutException': connect timed out> (0x00000000ec349128) thrown at [C:\jenkins\workspace\8-2-build-windows-amd64-cygwin\jdk8u281\880\hotspot\src\share\vm\prims\jni.cpp, line 737]
Event: 21.909 Thread 0x00000256ee9ad000 Exception <a 'java/net/SocketTimeoutException': connect timed out> (0x00000000ec34a608) thrown at [C:\jenkins\workspace\8-2-build-windows-amd64-cygwin\jdk8u281\880\hotspot\src\share\vm\prims\jni.cpp, line 737]
Event: 22.730 Thread 0x00000256ee9ad000 Exception <a 'java/net/SocketTimeoutException': connect timed out> (0x00000000ec34bae8) thrown at [C:\jenkins\workspace\8-2-build-windows-amd64-cygwin\jdk8u281\880\hotspot\src\share\vm\prims\jni.cpp, line 737]
Event: 22.973 Thread 0x00000256ee9ad000 Exception <a 'java/lang/InterruptedException': sleep interrupted> (0x00000000ec34bd48) thrown at [C:\jenkins\workspace\8-2-build-windows-amd64-cygwin\jdk8u281\880\hotspot\src\share\vm\prims\jvm.cpp, line 3346]

Events (10 events):
Event: 22.982 loading class sun/util/locale/provider/CalendarDataUtility$CalendarWeekParameterGetter
Event: 22.983 loading class sun/util/locale/provider/CalendarDataUtility$CalendarWeekParameterGetter done
Event: 22.983 loading class sun/util/resources/CalendarData
Event: 22.983 loading class sun/util/resources/CalendarData done
Event: 22.983 loading class sun/util/resources/en/CalendarData_en
Event: 22.983 loading class sun/util/resources/en/CalendarData_en done
Event: 22.984 loading class java/text/DateFormatSymbols
Event: 22.985 loading class java/text/DateFormatSymbols done
Event: 22.985 loading class sun/util/locale/provider/DateFormatSymbolsProviderImpl
Event: 22.985 loading class sun/util/locale/provider/DateFormatSymbolsProviderImpl done


Dynamic libraries:
0x00007ff7e8d60000 - 0x00007ff7e8da7000 	C:\Program Files\Java\jdk1.8.0_281\bin\javaw.exe
0x00007ff83cea0000 - 0x00007ff83d090000 	C:\WINDOWS\SYSTEM32\ntdll.dll
0x00007ff83c930000 - 0x00007ff83c9e2000 	C:\WINDOWS\System32\KERNEL32.DLL
0x00007ff83a0c0000 - 0x00007ff83a365000 	C:\WINDOWS\System32\KERNELBASE.dll
0x00007ff83cdb0000 - 0x00007ff83ce53000 	C:\WINDOWS\System32\ADVAPI32.dll
0x00007ff83b7b0000 - 0x00007ff83b84e000 	C:\WINDOWS\System32\msvcrt.dll
0x00007ff83c9f0000 - 0x00007ff83ca87000 	C:\WINDOWS\System32\sechost.dll
0x00007ff83c130000 - 0x00007ff83c24f000 	C:\WINDOWS\System32\RPCRT4.dll
0x00007ff83c730000 - 0x00007ff83c8c4000 	C:\WINDOWS\System32\USER32.dll
0x00007ff83a6f0000 - 0x00007ff83a711000 	C:\WINDOWS\System32\win32u.dll
0x00007ff83afb0000 - 0x00007ff83afd6000 	C:\WINDOWS\System32\GDI32.dll
0x00007ff83a410000 - 0x00007ff83a5a8000 	C:\WINDOWS\System32\gdi32full.dll
0x00007ff83a370000 - 0x00007ff83a40e000 	C:\WINDOWS\System32\msvcp_win.dll
0x00007ff839fc0000 - 0x00007ff83a0ba000 	C:\WINDOWS\System32\ucrtbase.dll
0x00007ff819f30000 - 0x00007ff81a1b4000 	C:\WINDOWS\WinSxS\amd64_microsoft.windows.common-controls_6595b64144ccf1df_6.0.18362.1440_none_9e7dbfb9e45e8e67\COMCTL32.dll
0x00007ff83c340000 - 0x00007ff83c676000 	C:\WINDOWS\System32\combase.dll
0x00007ff83a640000 - 0x00007ff83a6c1000 	C:\WINDOWS\System32\bcryptPrimitives.dll
0x00007ff83bcc0000 - 0x00007ff83bcee000 	C:\WINDOWS\System32\IMM32.DLL
0x00007ff832a60000 - 0x00007ff832a75000 	C:\Program Files\Java\jdk1.8.0_281\jre\bin\vcruntime140.dll
0x00007ff80bc80000 - 0x00007ff80bd1b000 	C:\Program Files\Java\jdk1.8.0_281\jre\bin\msvcp140.dll
0x0000000064c30000 - 0x000000006548f000 	C:\Program Files\Java\jdk1.8.0_281\jre\bin\server\jvm.dll
0x00007ff83cb70000 - 0x00007ff83cb78000 	C:\WINDOWS\System32\PSAPI.DLL
0x00007ff834180000 - 0x00007ff8341a4000 	C:\WINDOWS\SYSTEM32\WINMM.dll
0x00007ff82e9a0000 - 0x00007ff82e9aa000 	C:\WINDOWS\SYSTEM32\VERSION.dll
0x00007ff81fae0000 - 0x00007ff81fae9000 	C:\WINDOWS\SYSTEM32\WSOCK32.dll
0x00007ff834150000 - 0x00007ff83417d000 	C:\WINDOWS\SYSTEM32\winmmbase.dll
0x00007ff83cb00000 - 0x00007ff83cb6f000 	C:\WINDOWS\System32\WS2_32.dll
0x00007ff839e10000 - 0x00007ff839e5a000 	C:\WINDOWS\System32\cfgmgr32.dll
0x00007ff839d80000 - 0x00007ff839d91000 	C:\WINDOWS\System32\kernel.appcore.dll
0x00007ff833d00000 - 0x00007ff833d10000 	C:\Program Files\Java\jdk1.8.0_281\jre\bin\verify.dll
0x00007ff8329f0000 - 0x00007ff832a1b000 	C:\Program Files\Java\jdk1.8.0_281\jre\bin\java.dll
0x00007ff830e20000 - 0x00007ff830e38000 	C:\Program Files\Java\jdk1.8.0_281\jre\bin\zip.dll
0x00007ff83afe0000 - 0x00007ff83b6c8000 	C:\WINDOWS\System32\SHELL32.dll
0x00007ff83c680000 - 0x00007ff83c727000 	C:\WINDOWS\System32\shcore.dll
0x00007ff83a720000 - 0x00007ff83ae9b000 	C:\WINDOWS\System32\windows.storage.dll
0x00007ff839da0000 - 0x00007ff839dbe000 	C:\WINDOWS\System32\profapi.dll
0x00007ff839dc0000 - 0x00007ff839e0a000 	C:\WINDOWS\System32\powrprof.dll
0x00007ff839d50000 - 0x00007ff839d60000 	C:\WINDOWS\System32\UMPDC.dll
0x00007ff83ca90000 - 0x00007ff83cae2000 	C:\WINDOWS\System32\shlwapi.dll
0x00007ff83a6d0000 - 0x00007ff83a6e7000 	C:\WINDOWS\System32\cryptsp.dll
0x00007ff824f10000 - 0x00007ff824f2c000 	C:\Program Files\Java\jdk1.8.0_281\jre\bin\net.dll
0x00007ff839530000 - 0x00007ff839597000 	C:\WINDOWS\system32\mswsock.dll
0x00007ff839280000 - 0x00007ff83934b000 	C:\WINDOWS\SYSTEM32\DNSAPI.dll
0x00007ff83caf0000 - 0x00007ff83caf8000 	C:\WINDOWS\System32\NSI.dll
0x00007ff839240000 - 0x00007ff83927a000 	C:\WINDOWS\SYSTEM32\IPHLPAPI.DLL
0x00007ff820cb0000 - 0x00007ff820cba000 	C:\Windows\System32\rasadhlp.dll
0x00007ff823390000 - 0x00007ff823407000 	C:\WINDOWS\System32\fwpuclnt.dll
0x00007ff83a5b0000 - 0x00007ff83a5d6000 	C:\WINDOWS\System32\bcrypt.dll
0x00007ff8390b0000 - 0x00007ff8390e3000 	C:\WINDOWS\system32\rsaenh.dll
0x00007ff839c70000 - 0x00007ff839c95000 	C:\WINDOWS\SYSTEM32\USERENV.dll
0x00007ff839760000 - 0x00007ff83976c000 	C:\WINDOWS\SYSTEM32\CRYPTBASE.dll
0x00007ff823630000 - 0x00007ff823646000 	C:\WINDOWS\SYSTEM32\dhcpcsvc6.DLL
0x00007ff823610000 - 0x00007ff82362c000 	C:\WINDOWS\SYSTEM32\dhcpcsvc.DLL
0x00007ff824e00000 - 0x00007ff824e13000 	C:\Program Files\Java\jdk1.8.0_281\jre\bin\nio.dll
0x00007ff8129a0000 - 0x00007ff8129c4000 	C:\Program Files\Java\jdk1.8.0_281\jre\bin\sunec.dll
0x00007ff832be0000 - 0x00007ff832bed000 	C:\Program Files\Java\jdk1.8.0_281\jre\bin\sunmscapi.dll
0x00007ff839e60000 - 0x00007ff839fb1000 	C:\WINDOWS\System32\CRYPT32.dll
0x00007ff839d60000 - 0x00007ff839d72000 	C:\WINDOWS\System32\MSASN1.dll
0x00007ff839860000 - 0x00007ff839886000 	C:\WINDOWS\SYSTEM32\ncrypt.dll
0x00007ff839820000 - 0x00007ff83985b000 	C:\WINDOWS\SYSTEM32\NTASN1.dll
0x00007ff81c300000 - 0x00007ff81c316000 	C:\WINDOWS\system32\napinsp.dll
0x00007ff81c2e0000 - 0x00007ff81c2fa000 	C:\WINDOWS\system32\pnrpnsp.dll

VM Arguments:
jvm_args: -ea -Dfile.encoding=Cp1252 
java_command: org.testng.remote.RemoteTestNG -serport 63559 -protocol json -d C:\Users\NIKITA\mavenproject\Maveneclipse\test-output C:\Users\NIKITA\mavenproject\Maveneclipse\testngParalle.xml
java_class_path (initial): C:\Users\NIKITA\Downloads\eclipse\plugins\org.testng.eclipse_6.9.13.201609291640\lib\testng-remote.jar;C:\Users\NIKITA\mavenproject\Maveneclipse\target\test-classes;C:\Users\NIKITA\mavenproject\Maveneclipse\target\classes;C:\Users\NIKITA\Downloads\eclipse\plugins\org.testng.eclipse_6.9.13.201609291640\lib\testng.jar;C:\Users\NIKITA\Downloads\eclipse\plugins\org.testng.eclipse_6.9.13.201609291640\lib\jcommander.jar;C:\Users\NIKITA\Downloads\eclipse\plugins\org.testng.eclipse_6.9.13.201609291640\lib\bsh-2.0b4.jar;C:\Users\NIKITA\Downloads\eclipse\plugins\org.testng.eclipse_6.9.13.201609291640\lib\snakeyaml.jar;C:\Users\NIKITA\.m2\repository\junit\junit\3.8.1\junit-3.8.1.jar;C:\Users\NIKITA\.m2\repository\org\seleniumhq\selenium\selenium-java\3.141.0\selenium-java-3.141.0.jar;C:\Users\NIKITA\.m2\repository\org\seleniumhq\selenium\selenium-api\3.141.0\selenium-api-3.141.0.jar;C:\Users\NIKITA\.m2\repository\org\seleniumhq\selenium\selenium-chrome-driver\3.141.0\selenium-chrome-driver-3.141.0.jar;C:\Users\NIKITA\.m2\repository\org\seleniumhq\selenium\selenium-edge-driver\3.141.0\selenium-edge-driver-3.141.0.jar;C:\Users\NIKITA\.m2\repository\org\seleniumhq\selenium\selenium-firefox-driver\3.141.0\selenium-firefox-driver-3.141.0.jar;C:\Users\NIKITA\.m2\repository\org\seleniumhq\selenium\selenium-ie-driver\3.141.0\selenium-ie-driver-3.141.0.jar;C:\Users\NIKITA\.m2\repository\org\seleniumhq\selenium\selenium-opera-driver\3.141.0\selenium-opera-driver-3.141.0.jar;C:\Users\NIKITA\.m2\repository\org\seleniumhq\selenium\selenium-remote-driver\3.141.0\selenium-remote-driver-3.141.0.jar;C:\Users\NIKITA\.m2\repository\org\seleniumhq\selenium\selenium-safari-driver\3.141.0\selenium-safari-driver-3.141.0.jar;C:\Users\NIKITA\.m2\repository\org\seleniumhq\selenium\selenium-support\3.141.0\selenium-support-3.141.0.jar;C:\Users\NIKITA\.m2\repository\net\bytebuddy\byte-buddy\1.8.15\byte-buddy-1.8.15.jar;C:\Users\NIKITA\.m2\repository\org\apache\commons\commons
Launcher Type: SUN_STANDARD

Environment Variables:
PATH=C:/Program Files/Java/jre1.8.0_301/bin/server;C:/Program Files/Java/jre1.8.0_301/bin;C:/Program Files/Java/jre1.8.0_301/lib/amd64;C:\Program Files (x86)\Common Files\Oracle\Java\javapath;C:\app\NIKITA\product\11.2.0\dbhome_1\bin;C:\WINDOWS\system32;C:\WINDOWS;C:\WINDOWS\System32\Wbem;C:\WINDOWS\System32\WindowsPowerShell\v1.0\;C:\WINDOWS\System32\OpenSSH\;C:\Program Files (x86)\Intel\Intel(R) Management Engine Components\DAL;C:\Program Files\Intel\Intel(R) Management Engine Components\DAL;C:\Program Files\Java\jdk1.8.0_281\bin;C:\Users\NIKITA\AppData\Local\Microsoft\WindowsApps;;C:\Users\NIKITA\Downloads\eclipse;
USERNAME=NIKITA
OS=Windows_NT
PROCESSOR_IDENTIFIER=Intel64 Family 6 Model 142 Stepping 11, GenuineIntel



---------------  S Y S T E M  ---------------

OS: Windows 10.0 , 64 bit Build 18362 (10.0.18362.1350)

CPU:total 4 (initial active 4) (2 cores per cpu, 2 threads per core) family 6 model 142 stepping 11, cmov, cx8, fxsr, mmx, sse, sse2, sse3, ssse3, sse4.1, sse4.2, popcnt, avx, avx2, aes, clmul, erms, 3dnowpref, lzcnt, ht, tsc, tscinvbit, bmi1, bmi2, adx

Memory: 4k page, physical 4011956k(274620k free), swap 16070580k(0k free)

vm_info: Java HotSpot(TM) 64-Bit Server VM (25.281-b09) for windows-amd64 JRE (1.8.0_281-b09), built on Dec  9 2020 13:54:07 by "" with MS VC++ 15.9 (VS2017)

time: Thu Aug 19 12:04:51 2021
timezone: India Standard Time
elapsed time: 23.003554 seconds (0d 0h 0m 23s)

